mode: set
leonel/prototype_b/pkg/services/services.go:37.87,53.2 7 1
leonel/prototype_b/pkg/services/services.go:55.90,61.37 3 1
leonel/prototype_b/pkg/services/services.go:66.2,66.25 1 1
leonel/prototype_b/pkg/services/services.go:61.37,64.3 2 1
leonel/prototype_b/pkg/services/services.go:69.55,72.15 2 1
leonel/prototype_b/pkg/services/services.go:76.2,76.61 1 1
leonel/prototype_b/pkg/services/services.go:72.15,74.3 1 1
leonel/prototype_b/pkg/services/services.go:79.80,83.15 2 1
leonel/prototype_b/pkg/services/services.go:87.2,87.22 1 1
leonel/prototype_b/pkg/services/services.go:83.15,85.3 1 1
leonel/prototype_b/pkg/services/services.go:90.65,94.15 2 1
leonel/prototype_b/pkg/services/services.go:98.2,98.23 1 1
leonel/prototype_b/pkg/services/services.go:94.15,96.3 1 0
leonel/prototype_b/pkg/services/services.go:101.84,105.15 2 1
leonel/prototype_b/pkg/services/services.go:109.2,109.23 1 1
leonel/prototype_b/pkg/services/services.go:105.15,107.3 1 1
leonel/prototype_b/pkg/services/services.go:112.95,116.16 2 1
leonel/prototype_b/pkg/services/services.go:120.2,120.22 1 1
leonel/prototype_b/pkg/services/services.go:116.16,118.3 1 1
leonel/prototype_b/pkg/services/services.go:123.119,127.15 2 1
leonel/prototype_b/pkg/services/services.go:131.2,131.30 1 1
leonel/prototype_b/pkg/services/services.go:127.15,129.3 1 1
leonel/prototype_b/pkg/services/services.go:134.99,138.15 2 1
leonel/prototype_b/pkg/services/services.go:142.2,142.20 1 1
leonel/prototype_b/pkg/services/services.go:138.15,140.3 1 1
leonel/prototype_b/pkg/services/services.go:145.63,149.16 2 1
leonel/prototype_b/pkg/services/services.go:153.2,153.12 1 1
leonel/prototype_b/pkg/services/services.go:149.16,151.3 1 1
leonel/prototype_b/pkg/services/services.go:156.57,160.16 2 1
leonel/prototype_b/pkg/services/services.go:164.2,164.19 1 1
leonel/prototype_b/pkg/services/services.go:160.16,162.3 1 1
